# JRE version: OpenJDK Runtime Environment (8.0_232-b09) (build 1.8.0_232-b09)
# Java VM: OpenJDK 64-Bit Server VM (25.232-b09 mixed mode bsd-amd64 compressed oops)
Heap:
 PSYoungGen      total 449536K, used 52461K [0x0000000795d80000, 0x00000007b8f00000, 0x00000007c0800000)
  eden space 324608K, 4% used [0x0000000795d80000,0x0000000796d0e0c0,0x00000007a9a80000)
  from space 124928K, 29% used [0x00000007a9a80000,0x00000007abe2d358,0x00000007b1480000)
  to   space 116736K, 0% used [0x00000007b1d00000,0x00000007b1d00000,0x00000007b8f00000)
 ParOldGen       total 1236480K, used 173671K [0x0000000740800000, 0x000000078bf80000, 0x0000000795d80000)
  object space 1236480K, 14% used [0x0000000740800000,0x000000074b199cf0,0x000000078bf80000)
 Metaspace       used 273646K, capacity 320640K, committed 360704K, reserved 1355776K
  class space    used 36123K, capacity 38922K, committed 54528K, reserved 1048576K
GC Heap History (10 events):
Event: 8632.619 GC heap before
{Heap before GC invocations=142 (full 17):
 PSYoungGen      total 426496K, used 200942K [0x0000000795d80000, 0x00000007b8d80000, 0x00000007c0800000)
  eden space 310272K, 39% used [0x0000000795d80000,0x000000079d477000,0x00000007a8c80000)
  from space 116224K, 68% used [0x00000007b0600000,0x00000007b5344bb0,0x00000007b7780000)
  to   space 124416K, 0% used [0x00000007a8c80000,0x00000007a8c80000,0x00000007b0600000)
 ParOldGen       total 1236480K, used 134066K [0x0000000740800000, 0x000000078bf80000, 0x0000000795d80000)
  object space 1236480K, 10% used [0x0000000740800000,0x0000000748aec8e0,0x000000078bf80000)
 Metaspace       used 276888K, capacity 324046K, committed 360704K, reserved 1355776K
  class space    used 36555K, capacity 39387K, committed 54528K, reserved 1048576K
Event: 8632.713 GC heap after
Heap after GC invocations=142 (full 17):
 PSYoungGen      total 434688K, used 67526K [0x0000000795d80000, 0x00000007b9180000, 0x00000007c0800000)
  eden space 310272K, 0% used [0x0000000795d80000,0x0000000795d80000,0x00000007a8c80000)
  from space 124416K, 54% used [0x00000007a8c80000,0x00000007ace71b28,0x00000007b0600000)
  to   space 126464K, 0% used [0x00000007b1600000,0x00000007b1600000,0x00000007b9180000)
 ParOldGen       total 1236480K, used 134066K [0x0000000740800000, 0x000000078bf80000, 0x0000000795d80000)
  object space 1236480K, 10% used [0x0000000740800000,0x0000000748aec8e0,0x000000078bf80000)
 Metaspace       used 276888K, capacity 324046K, committed 360704K, reserved 1355776K
  class space    used 36555K, capacity 39387K, committed 54528K, reserved 1048576K
}
Event: 8632.713 GC heap before
{Heap before GC invocations=143 (full 18):
 PSYoungGen      total 434688K, used 67526K [0x0000000795d80000, 0x00000007b9180000, 0x00000007c0800000)
  eden space 310272K, 0% used [0x0000000795d80000,0x0000000795d80000,0x00000007a8c80000)
  from space 124416K, 54% used [0x00000007a8c80000,0x00000007ace71b28,0x00000007b0600000)
  to   space 126464K, 0% used [0x00000007b1600000,0x00000007b1600000,0x00000007b9180000)
 ParOldGen       total 1236480K, used 134066K [0x0000000740800000, 0x000000078bf80000, 0x0000000795d80000)
  object space 1236480K, 10% used [0x0000000740800000,0x0000000748aec8e0,0x000000078bf80000)
 Metaspace       used 276888K, capacity 324046K, committed 360704K, reserved 1355776K
  class space    used 36555K, capacity 39387K, committed 54528K, reserved 1048576K
Event: 8633.570 GC heap after
Heap after GC invocations=143 (full 18):
 PSYoungGen      total 434688K, used 0K [0x0000000795d80000, 0x00000007b9180000, 0x00000007c0800000)
  eden space 310272K, 0% used [0x0000000795d80000,0x0000000795d80000,0x00000007a8c80000)
  from space 124416K, 0% used [0x00000007a8c80000,0x00000007a8c80000,0x00000007b0600000)
  to   space 126464K, 0% used [0x00000007b1600000,0x00000007b1600000,0x00000007b9180000)
 ParOldGen       total 1236480K, used 180913K [0x0000000740800000, 0x000000078bf80000, 0x0000000795d80000)
  object space 1236480K, 14% used [0x0000000740800000,0x000000074b8ac7b8,0x000000078bf80000)
 Metaspace       used 272389K, capacity 319266K, committed 360704K, reserved 1355776K
  class space    used 35981K, capacity 38777K, committed 54528K, reserved 1048576K
}
Event: 8633.572 GC heap before
{Heap before GC invocations=144 (full 18):
 PSYoungGen      total 434688K, used 2018K [0x0000000795d80000, 0x00000007b9180000, 0x00000007c0800000)
  eden space 310272K, 0% used [0x0000000795d80000,0x0000000795f78b38,0x00000007a8c80000)
  from space 124416K, 0% used [0x00000007a8c80000,0x00000007a8c80000,0x00000007b0600000)
  to   space 126464K, 0% used [0x00000007b1600000,0x00000007b1600000,0x00000007b9180000)
 ParOldGen       total 1236480K, used 180913K [0x0000000740800000, 0x000000078bf80000, 0x0000000795d80000)
  object space 1236480K, 14% used [0x0000000740800000,0x000000074b8ac7b8,0x000000078bf80000)
 Metaspace       used 272389K, capacity 319266K, committed 360704K, reserved 1355776K
  class space    used 35981K, capacity 38777K, committed 54528K, reserved 1048576K
Event: 8633.580 GC heap after
Heap after GC invocations=144 (full 18):
 PSYoungGen      total 448000K, used 192K [0x0000000795d80000, 0x00000007b8e80000, 0x00000007c0800000)
  eden space 324608K, 0% used [0x0000000795d80000,0x0000000795d80000,0x00000007a9a80000)
  from space 123392K, 0% used [0x00000007b1600000,0x00000007b1630000,0x00000007b8e80000)
  to   space 124928K, 0% used [0x00000007a9a80000,0x00000007a9a80000,0x00000007b1480000)
 ParOldGen       total 1236480K, used 180913K [0x0000000740800000, 0x000000078bf80000, 0x0000000795d80000)
  object space 1236480K, 14% used [0x0000000740800000,0x000000074b8ac7b8,0x000000078bf80000)
 Metaspace       used 272389K, capacity 319266K, committed 360704K, reserved 1355776K
  class space    used 35981K, capacity 38777K, committed 54528K, reserved 1048576K
}
Event: 8633.580 GC heap before
{Heap before GC invocations=145 (full 19):
 PSYoungGen      total 448000K, used 192K [0x0000000795d80000, 0x00000007b8e80000, 0x00000007c0800000)
  eden space 324608K, 0% used [0x0000000795d80000,0x0000000795d80000,0x00000007a9a80000)
  from space 123392K, 0% used [0x00000007b1600000,0x00000007b1630000,0x00000007b8e80000)
  to   space 124928K, 0% used [0x00000007a9a80000,0x00000007a9a80000,0x00000007b1480000)
 ParOldGen       total 1236480K, used 180913K [0x0000000740800000, 0x000000078bf80000, 0x0000000795d80000)
  object space 1236480K, 14% used [0x0000000740800000,0x000000074b8ac7b8,0x000000078bf80000)
 Metaspace       used 272389K, capacity 319266K, committed 360704K, reserved 1355776K
  class space    used 35981K, capacity 38777K, committed 54528K, reserved 1048576K
Event: 8634.565 GC heap after
Heap after GC invocations=145 (full 19):
 PSYoungGen      total 448000K, used 0K [0x0000000795d80000, 0x00000007b8e80000, 0x00000007c0800000)
  eden space 324608K, 0% used [0x0000000795d80000,0x0000000795d80000,0x00000007a9a80000)
  from space 123392K, 0% used [0x00000007b1600000,0x00000007b1600000,0x00000007b8e80000)
  to   space 124928K, 0% used [0x00000007a9a80000,0x00000007a9a80000,0x00000007b1480000)
 ParOldGen       total 1236480K, used 173663K [0x0000000740800000, 0x000000078bf80000, 0x0000000795d80000)
  object space 1236480K, 14% used [0x0000000740800000,0x000000074b197cf0,0x000000078bf80000)
 Metaspace       used 272389K, capacity 319266K, committed 360704K, reserved 1355776K
  class space    used 35981K, capacity 38777K, committed 54528K, reserved 1048576K
}
Event: 8652.988 GC heap before
{Heap before GC invocations=146 (full 19):
 PSYoungGen      total 448000K, used 324608K [0x0000000795d80000, 0x00000007b8e80000, 0x00000007c0800000)
  eden space 324608K, 100% used [0x0000000795d80000,0x00000007a9a80000,0x00000007a9a80000)
  from space 123392K, 0% used [0x00000007b1600000,0x00000007b1600000,0x00000007b8e80000)
  to   space 124928K, 0% used [0x00000007a9a80000,0x00000007a9a80000,0x00000007b1480000)
 ParOldGen       total 1236480K, used 173663K [0x0000000740800000, 0x000000078bf80000, 0x0000000795d80000)
  object space 1236480K, 14% used [0x0000000740800000,0x000000074b197cf0,0x000000078bf80000)
 Metaspace       used 273620K, capacity 320610K, committed 360704K, reserved 1355776K
  class space    used 36118K, capacity 38917K, committed 54528K, reserved 1048576K
Event: 8653.009 GC heap after
Heap after GC invocations=146 (full 19):
 PSYoungGen      total 449536K, used 36532K [0x0000000795d80000, 0x00000007b8f00000, 0x00000007c0800000)
  eden space 324608K, 0% used [0x0000000795d80000,0x0000000795d80000,0x00000007a9a80000)
  from space 124928K, 29% used [0x00000007a9a80000,0x00000007abe2d358,0x00000007b1480000)
  to   space 116736K, 0% used [0x00000007b1d00000,0x00000007b1d00000,0x00000007b8f00000)
 ParOldGen       total 1236480K, used 173671K [0x0000000740800000, 0x000000078bf80000, 0x0000000795d80000)
  object space 1236480K, 14% used [0x0000000740800000,0x000000074b199cf0,0x000000078bf80000)
 Metaspace       used 273620K, capacity 320610K, committed 360704K, reserved 1355776K
  class space    used 36118K, capacity 38917K, committed 54528K, reserved 1048576K
}

